<?xml version="1.0" encoding="UTF-8"?>
<testsuite name="com.kodilla.stream.array.ArrayOperationsTestSuite" tests="1" skipped="0" failures="0" errors="0" timestamp="2018-08-03T09:44:54" hostname="Kuzuri" time="0.013">
  <properties/>
  <testcase name="testGetAverage" classname="com.kodilla.stream.array.ArrayOperationsTestSuite" time="0.013"/>
  <system-out><![CDATA[1
2
3
4
5
6
7
8
9
10
32
52
62
138
197
531
1021
1837
1999
2018
]]></system-out>
  <system-err><![CDATA[]]></system-err>
</testsuite>
