<?xml version="1.0" encoding="UTF-8"?>
<testsuite name="com.kodilla.testing.user.ForumTestSuite" tests="2" skipped="0" failures="0" errors="0" timestamp="2018-07-06T20:37:08" hostname="Kuzuri" time="0.001">
  <properties/>
  <testcase name="testCaseRealName" classname="com.kodilla.testing.user.ForumTestSuite" time="0.001"/>
  <testcase name="testCaseUsername" classname="com.kodilla.testing.user.ForumTestSuite" time="0.0"/>
  <system-out><![CDATA[Test Suite: begin
Test Case: begin
Testing John Smith
Test Case: end
Test Case: begin
Testing theForumUser
Test Case: end
Test Suite: end
]]></system-out>
  <system-err><![CDATA[]]></system-err>
</testsuite>
